# JRE version: OpenJDK Runtime Environment (8.0_302-b08) (build 1.8.0_302-b08)
# Java VM: OpenJDK 64-Bit Server VM (25.302-b08 mixed mode windows-amd64 compressed oops)
Heap:
 PSYoungGen      total 38400K, used 10821K [0x00000000d5b00000, 0x00000000da600000, 0x0000000100000000)
  eden space 33280K, 32% used [0x00000000d5b00000,0x00000000d6591598,0x00000000d7b80000)
  from space 5120K, 0% used [0x00000000d7b80000,0x00000000d7b80000,0x00000000d8080000)
  to   space 5120K, 0% used [0x00000000da100000,0x00000000da100000,0x00000000da600000)
 ParOldGen       total 82944K, used 16030K [0x0000000081000000, 0x0000000086100000, 0x00000000d5b00000)
  object space 82944K, 19% used [0x0000000081000000,0x0000000081fa7830,0x0000000086100000)
 Metaspace       used 23125K, capacity 23696K, committed 23936K, reserved 1071104K
  class space    used 2757K, capacity 2923K, committed 2944K, reserved 1048576K
GC Heap History (8 events):
Event: 1.551 GC heap before
{Heap before GC invocations=1 (full 0):
 PSYoungGen      total 38400K, used 33280K [0x00000000d5b00000, 0x00000000d8580000, 0x0000000100000000)
  eden space 33280K, 100% used [0x00000000d5b00000,0x00000000d7b80000,0x00000000d7b80000)
  from space 5120K, 0% used [0x00000000d8080000,0x00000000d8080000,0x00000000d8580000)
  to   space 5120K, 0% used [0x00000000d7b80000,0x00000000d7b80000,0x00000000d8080000)
 ParOldGen       total 87552K, used 0K [0x0000000081000000, 0x0000000086580000, 0x00000000d5b00000)
  object space 87552K, 0% used [0x0000000081000000,0x0000000081000000,0x0000000086580000)
 Metaspace       used 10266K, capacity 10422K, committed 10752K, reserved 1058816K
  class space    used 1117K, capacity 1177K, committed 1280K, reserved 1048576K
Event: 1.562 GC heap after
Heap after GC invocations=1 (full 0):
 PSYoungGen      total 38400K, used 5095K [0x00000000d5b00000, 0x00000000d8580000, 0x0000000100000000)
  eden space 33280K, 0% used [0x00000000d5b00000,0x00000000d5b00000,0x00000000d7b80000)
  from space 5120K, 99% used [0x00000000d7b80000,0x00000000d8079e58,0x00000000d8080000)
  to   space 5120K, 0% used [0x00000000d8080000,0x00000000d8080000,0x00000000d8580000)
 ParOldGen       total 87552K, used 2482K [0x0000000081000000, 0x0000000086580000, 0x00000000d5b00000)
  object space 87552K, 2% used [0x0000000081000000,0x000000008126c928,0x0000000086580000)
 Metaspace       used 10266K, capacity 10422K, committed 10752K, reserved 1058816K
  class space    used 1117K, capacity 1177K, committed 1280K, reserved 1048576K
}
Event: 2.755 GC heap before
{Heap before GC invocations=2 (full 0):
 PSYoungGen      total 38400K, used 38375K [0x00000000d5b00000, 0x00000000d8580000, 0x0000000100000000)
  eden space 33280K, 100% used [0x00000000d5b00000,0x00000000d7b80000,0x00000000d7b80000)
  from space 5120K, 99% used [0x00000000d7b80000,0x00000000d8079e58,0x00000000d8080000)
  to   space 5120K, 0% used [0x00000000d8080000,0x00000000d8080000,0x00000000d8580000)
 ParOldGen       total 87552K, used 2482K [0x0000000081000000, 0x0000000086580000, 0x00000000d5b00000)
  object space 87552K, 2% used [0x0000000081000000,0x000000008126c928,0x0000000086580000)
 Metaspace       used 15934K, capacity 16282K, committed 16384K, reserved 1062912K
  class space    used 1875K, capacity 1989K, committed 2048K, reserved 1048576K
Event: 2.776 GC heap after
Heap after GC invocations=2 (full 0):
 PSYoungGen      total 38400K, used 5088K [0x00000000d5b00000, 0x00000000da600000, 0x0000000100000000)
  eden space 33280K, 0% used [0x00000000d5b00000,0x00000000d5b00000,0x00000000d7b80000)
  from space 5120K, 99% used [0x00000000d8080000,0x00000000d8578020,0x00000000d8580000)
  to   space 5120K, 0% used [0x00000000d7b80000,0x00000000d7b80000,0x00000000d8080000)
 ParOldGen       total 87552K, used 7089K [0x0000000081000000, 0x0000000086580000, 0x00000000d5b00000)
  object space 87552K, 8% used [0x0000000081000000,0x00000000816ec6a8,0x0000000086580000)
 Metaspace       used 15934K, capacity 16282K, committed 16384K, reserved 1062912K
  class space    used 1875K, capacity 1989K, committed 2048K, reserved 1048576K
}
Event: 3.520 GC heap before
{Heap before GC invocations=3 (full 0):
 PSYoungGen      total 38400K, used 31398K [0x00000000d5b00000, 0x00000000da600000, 0x0000000100000000)
  eden space 33280K, 79% used [0x00000000d5b00000,0x00000000d74b1a20,0x00000000d7b80000)
  from space 5120K, 99% used [0x00000000d8080000,0x00000000d8578020,0x00000000d8580000)
  to   space 5120K, 0% used [0x00000000d7b80000,0x00000000d7b80000,0x00000000d8080000)
 ParOldGen       total 87552K, used 7089K [0x0000000081000000, 0x0000000086580000, 0x00000000d5b00000)
  object space 87552K, 8% used [0x0000000081000000,0x00000000816ec6a8,0x0000000086580000)
 Metaspace       used 20662K, capacity 21126K, committed 21296K, reserved 1069056K
  class space    used 2454K, capacity 2626K, committed 2688K, reserved 1048576K
Event: 3.544 GC heap after
Heap after GC invocations=3 (full 0):
 PSYoungGen      total 38400K, used 5088K [0x00000000d5b00000, 0x00000000da600000, 0x0000000100000000)
  eden space 33280K, 0% used [0x00000000d5b00000,0x00000000d5b00000,0x00000000d7b80000)
  from space 5120K, 99% used [0x00000000d7b80000,0x00000000d8078030,0x00000000d8080000)
  to   space 5120K, 0% used [0x00000000da100000,0x00000000da100000,0x00000000da600000)
 ParOldGen       total 87552K, used 18215K [0x0000000081000000, 0x0000000086580000, 0x00000000d5b00000)
  object space 87552K, 20% used [0x0000000081000000,0x00000000821c9c60,0x0000000086580000)
 Metaspace       used 20662K, capacity 21126K, committed 21296K, reserved 1069056K
  class space    used 2454K, capacity 2626K, committed 2688K, reserved 1048576K
}
Event: 3.544 GC heap before
{Heap before GC invocations=4 (full 1):
 PSYoungGen      total 38400K, used 5088K [0x00000000d5b00000, 0x00000000da600000, 0x0000000100000000)
  eden space 33280K, 0% used [0x00000000d5b00000,0x00000000d5b00000,0x00000000d7b80000)
  from space 5120K, 99% used [0x00000000d7b80000,0x00000000d8078030,0x00000000d8080000)
  to   space 5120K, 0% used [0x00000000da100000,0x00000000da100000,0x00000000da600000)
 ParOldGen       total 87552K, used 18215K [0x0000000081000000, 0x0000000086580000, 0x00000000d5b00000)
  object space 87552K, 20% used [0x0000000081000000,0x00000000821c9c60,0x0000000086580000)
 Metaspace       used 20662K, capacity 21126K, committed 21296K, reserved 1069056K
  class space    used 2454K, capacity 2626K, committed 2688K, reserved 1048576K
Event: 3.653 GC heap after
Heap after GC invocations=4 (full 1):
 PSYoungGen      total 38400K, used 0K [0x00000000d5b00000, 0x00000000da600000, 0x0000000100000000)
  eden space 33280K, 0% used [0x00000000d5b00000,0x00000000d5b00000,0x00000000d7b80000)
  from space 5120K, 0% used [0x00000000d7b80000,0x00000000d7b80000,0x00000000d8080000)
  to   space 5120K, 0% used [0x00000000da100000,0x00000000da100000,0x00000000da600000)
 ParOldGen       total 82944K, used 16030K [0x0000000081000000, 0x0000000086100000, 0x00000000d5b00000)
  object space 82944K, 19% used [0x0000000081000000,0x0000000081fa7830,0x0000000086100000)
 Metaspace       used 20662K, capacity 21126K, committed 21296K, reserved 1069056K
  class space    used 2454K, capacity 2626K, committed 2688K, reserved 1048576K
}

